/net/tscratch/people/plgfilipeckijan/.conda/envs/zzsn_project_env/lib/python3.9/site-packages/transformers/utils/hub.py:124: FutureWarning: Using `TRANSFORMERS_CACHE` is deprecated and will be removed in v5 of Transformers. Use `HF_HOME` instead.
  warnings.warn(
Unused or unrecognized kwargs: padding.
It looks like you are trying to rescale already rescaled images. If the input images have pixel values between 0 and 1, set `do_rescale=False` to avoid rescaling them again.
Unused or unrecognized kwargs: padding.
Unused or unrecognized kwargs: padding.
Unused or unrecognized kwargs: padding.
Unused or unrecognized kwargs: padding.
Unused or unrecognized kwargs: padding.
Unused or unrecognized kwargs: padding.
Unused or unrecognized kwargs: padding.
Unused or unrecognized kwargs: padding.
Unused or unrecognized kwargs: padding.
photo of a can
photo of a can
photo of a can
photo of a can
photo of a can
generated directory: ./generated/can_3000_no_target
Average CLIP_T Score: 24.183503341674804
