2024-05-26 17:23:46,985:INFO:CLIP_T Metric: 21.772446632385254
2024-05-26 17:27:50,640:INFO:CLIP_T Metric: 19.86103630065918
2024-05-26 17:29:07,530:INFO:CLIP_T Metric: 19.86103630065918
2024-06-15 17:15:35,352:INFO:prompts: ./prompts/dog6_prompts.txt, generated directory: ./generated/dog6_no_ppl
2024-06-15 17:15:35,382:INFO:CLIP_T Metric: 20.666904907226563
2024-06-15 17:16:05,560:INFO:prompts: ./prompts/dog6_prompts.txt, generated directory: ./generated/dog6_maybe_fixed
2024-06-15 17:16:05,567:INFO:CLIP_T Metric: 20.67454963684082
2024-06-15 18:03:55,320:INFO:generated directory: ./generated/dog6_no_ppl
2024-06-15 18:03:55,326:INFO:CLIP_T Metric: 20.743354263305665
2024-06-15 18:04:18,670:INFO:generated directory: ./generated/dog6_maybe_fixed
2024-06-15 18:04:18,671:INFO:CLIP_T Metric: 20.765616760253906
2024-06-15 18:05:24,054:INFO:generated directory: ./generated/dog6_maybe_fixed
2024-06-15 18:05:24,057:INFO:CLIP_T Metric: 20.11377197265625
2024-06-15 18:06:24,565:INFO:generated directory: ./generated/dog6_no_ppl
2024-06-15 18:06:24,568:INFO:CLIP_T Metric: 20.082502975463868
2024-06-16 14:51:43,432:INFO:generated directory: ./generated/can_no_ppl
2024-06-16 14:51:43,438:INFO:CLIP_T Metric: 21.45614570617676
2024-06-16 14:53:42,733:INFO:generated directory: ./generated/can_3000
2024-06-16 14:53:42,740:INFO:CLIP_T Metric: 21.448204269409178
2024-06-16 16:01:07,944:INFO:generated directory: ./generated/can_no_ppl_no_target
2024-06-16 16:01:07,950:INFO:CLIP_T Metric: 24.33549270629883
2024-06-16 16:02:30,724:INFO:generated directory: ./generated/can_3000_no_target
2024-06-16 16:02:30,725:INFO:CLIP_T Metric: 24.183503341674804
2024-06-16 16:26:53,460:INFO:generated directory: ./generated/can_3000_no_target
2024-06-16 16:26:53,465:INFO:CLIP_T Metric: 24.183503341674804
2024-06-16 16:28:28,639:INFO:generated directory: ./generated/can_3000_no_target
2024-06-16 16:28:28,647:INFO:CLIP_T Metric: 24.183503341674804
2024-06-16 16:28:44,706:INFO:generated directory: ./generated/can_no_ppl_no_target
2024-06-16 16:28:44,707:INFO:CLIP_T Metric: 24.33549270629883
