/net/tscratch/people/plgfilipeckijan/.conda/envs/zzsn_project_env/lib/python3.9/site-packages/transformers/utils/hub.py:124: FutureWarning: Using `TRANSFORMERS_CACHE` is deprecated and will be removed in v5 of Transformers. Use `HF_HOME` instead.
  warnings.warn(
/net/tscratch/people/plgfilipeckijan/.conda/envs/zzsn_project_env/lib/python3.9/site-packages/torchvision/models/_utils.py:208: UserWarning: The parameter 'pretrained' is deprecated since 0.13 and may be removed in the future, please use 'weights' instead.
  warnings.warn(
/net/tscratch/people/plgfilipeckijan/.conda/envs/zzsn_project_env/lib/python3.9/site-packages/torchvision/models/_utils.py:223: UserWarning: Arguments other than a weight enum or `None` for 'weights' are deprecated since 0.13 and may be removed in the future. The current behavior is equivalent to passing `weights=AlexNet_Weights.IMAGENET1K_V1`. You can also use `weights=AlexNet_Weights.DEFAULT` to get the most up-to-date weights.
  warnings.warn(msg)
Setting up [LPIPS] perceptual loss: trunk [alex], v[0.1], spatial [off]
Loading model from: /net/tscratch/people/plgfilipeckijan/.conda/envs/zzsn_project_env/lib/python3.9/site-packages/lpips/weights/v0.1/alex.pth
Traceback (most recent call last):
  File "/net/tscratch/people/plgfilipeckijan/zzsn-project/calculate_lpips.py", line 51, in <module>
    calculate_lpips_metric(
  File "/net/tscratch/people/plgfilipeckijan/zzsn-project/calculate_lpips.py", line 35, in calculate_lpips_metric
    lpips_score = loss_fn(transform(real_img), transform(gen_img))
  File "/net/tscratch/people/plgfilipeckijan/.conda/envs/zzsn_project_env/lib/python3.9/site-packages/torch/nn/modules/module.py", line 1511, in _wrapped_call_impl
    return self._call_impl(*args, **kwargs)
  File "/net/tscratch/people/plgfilipeckijan/.conda/envs/zzsn_project_env/lib/python3.9/site-packages/torch/nn/modules/module.py", line 1520, in _call_impl
    return forward_call(*args, **kwargs)
  File "/net/tscratch/people/plgfilipeckijan/.conda/envs/zzsn_project_env/lib/python3.9/site-packages/lpips/lpips.py", line 124, in forward
    diffs[kk] = (feats0[kk]-feats1[kk])**2
RuntimeError: The size of tensor a (317) must match the size of tensor b (255) at non-singleton dimension 3
