usage: train_dreambooth_sdxl.py [-h] --pretrained_model_name_or_path
                                PRETRAINED_MODEL_NAME_OR_PATH
                                [--revision REVISION] [--variant VARIANT]
                                [--tokenizer_name TOKENIZER_NAME]
                                --instance_data_dir INSTANCE_DATA_DIR
                                [--class_data_dir CLASS_DATA_DIR]
                                --instance_prompt INSTANCE_PROMPT
                                [--class_prompt CLASS_PROMPT]
                                [--with_prior_preservation]
                                [--prior_loss_weight PRIOR_LOSS_WEIGHT]
                                [--num_class_images NUM_CLASS_IMAGES]
                                [--output_dir OUTPUT_DIR] [--seed SEED]
                                [--resolution RESOLUTION] [--center_crop]
                                [--train_text_encoder]
                                [--train_batch_size TRAIN_BATCH_SIZE]
                                [--sample_batch_size SAMPLE_BATCH_SIZE]
                                [--num_train_epochs NUM_TRAIN_EPOCHS]
                                [--max_train_steps MAX_TRAIN_STEPS]
                                [--checkpointing_steps CHECKPOINTING_STEPS]
                                [--checkpoints_total_limit CHECKPOINTS_TOTAL_LIMIT]
                                [--resume_from_checkpoint RESUME_FROM_CHECKPOINT]
                                [--gradient_accumulation_steps GRADIENT_ACCUMULATION_STEPS]
                                [--gradient_checkpointing]
                                [--learning_rate LEARNING_RATE] [--scale_lr]
                                [--lr_scheduler LR_SCHEDULER]
                                [--lr_warmup_steps LR_WARMUP_STEPS]
                                [--lr_num_cycles LR_NUM_CYCLES]
                                [--lr_power LR_POWER] [--use_8bit_adam]
                                [--dataloader_num_workers DATALOADER_NUM_WORKERS]
                                [--adam_beta1 ADAM_BETA1]
                                [--adam_beta2 ADAM_BETA2]
                                [--adam_weight_decay ADAM_WEIGHT_DECAY]
                                [--adam_epsilon ADAM_EPSILON]
                                [--max_grad_norm MAX_GRAD_NORM]
                                [--push_to_hub] [--hub_token HUB_TOKEN]
                                [--hub_model_id HUB_MODEL_ID]
                                [--logging_dir LOGGING_DIR] [--allow_tf32]
                                [--report_to REPORT_TO]
                                [--validation_prompt VALIDATION_PROMPT]
                                [--num_validation_images NUM_VALIDATION_IMAGES]
                                [--validation_steps VALIDATION_STEPS]
                                [--mixed_precision {no,fp16,bf16}]
                                [--prior_generation_precision {no,fp32,fp16,bf16}]
                                [--local_rank LOCAL_RANK]
                                [--enable_xformers_memory_efficient_attention]
                                [--set_grads_to_none] [--offset_noise]
                                [--snr_gamma SNR_GAMMA]
                                [--pre_compute_text_embeddings]
                                [--tokenizer_max_length TOKENIZER_MAX_LENGTH]
                                [--text_encoder_use_attention_mask]
                                [--skip_save_text_encoder]
                                [--validation_images VALIDATION_IMAGES [VALIDATION_IMAGES ...]]
                                [--class_labels_conditioning CLASS_LABELS_CONDITIONING]
                                [--validation_scheduler {DPMSolverMultistepScheduler,DDPMScheduler}]
train_dreambooth_sdxl.py: error: unrecognized arguments:  
Traceback (most recent call last):
  File "/net/tscratch/people/plgfilipeckijan/.conda/envs/zzsn_project_env/bin/accelerate", line 8, in <module>
    sys.exit(main())
  File "/net/tscratch/people/plgfilipeckijan/.conda/envs/zzsn_project_env/lib/python3.9/site-packages/accelerate/commands/accelerate_cli.py", line 46, in main
    args.func(args)
  File "/net/tscratch/people/plgfilipeckijan/.conda/envs/zzsn_project_env/lib/python3.9/site-packages/accelerate/commands/launch.py", line 1075, in launch_command
    simple_launcher(args)
  File "/net/tscratch/people/plgfilipeckijan/.conda/envs/zzsn_project_env/lib/python3.9/site-packages/accelerate/commands/launch.py", line 681, in simple_launcher
    raise subprocess.CalledProcessError(returncode=process.returncode, cmd=cmd)
subprocess.CalledProcessError: Command '['/net/tscratch/people/plgfilipeckijan/.conda/envs/zzsn_project_env/bin/python', 'train_dreambooth_sdxl.py', '--pretrained_model_name_or_path=stabilityai/stable-diffusion-xl-base-1.0', '--instance_data_dir=./dataset/dreambooth-main/dataset/dog6', '--class_data_dir=./dataset/dreambooth_generated/dog', '--output_dir=./models/dreambooth_sdxl_dog6', '--with_prior_preservation', '--prior_loss_weight=1.0', '--instance_prompt=a sks dog', '--class_prompt=a dog', '--resolution=512', '--train_batch_size=1', '--gradient_accumulation_steps=1', '--learning_rate=5e-6', '--lr_scheduler=constant', '--lr_warmup_steps=0', '--num_class_images=200', '--max_train_steps=800', '--logging_dir=./logs/tensorboard_logs', '--report_to=tensorboard', ' ']' returned non-zero exit status 2.
/var/spool/slurmd/job713667/slurm_script: line 42: timesteps: command not found
/var/spool/slurmd/job713667/slurm_script: line 42: --class_labels_conditioning=: command not found
